This is pdfTeX, Version 3.141592653-2.6-1.40.23 (TeX Live 2021/W32TeX) (preloaded format=pdflatex 2022.3.12)  13 OCT 2022 22:26
entering extended mode
 restricted \write18 enabled.
 file:line:error style messages enabled.
 %&-line parsing enabled.
**c:/Users/Dawid/Desktop/POC2/Lab1/raport/raport.tex
(c:/Users/Dawid/Desktop/POC2/Lab1/raport/raport.tex
LaTeX2e <2021-11-15> patch level 1
L3 programming layer <2022-02-24> (./other/header.tex (d:/ProgramFiles/Latex/texlive/2021/texmf-dist/tex/latex/base/report.cls
Document Class: report 2021/10/04 v1.4n Standard LaTeX document class
(d:/ProgramFiles/Latex/texlive/2021/texmf-dist/tex/latex/base/size10.clo
File: size10.clo 2021/10/04 v1.4n Standard LaTeX file (size option)
)
\c@part=\count185
\c@chapter=\count186
\c@section=\count187
\c@subsection=\count188
\c@subsubsection=\count189
\c@paragraph=\count190
\c@subparagraph=\count191
\c@figure=\count192
\c@table=\count193
\abovecaptionskip=\skip47
\belowcaptionskip=\skip48
\bibindent=\dimen138
) (d:/ProgramFiles/Latex/texlive/2021/texmf-dist/tex/latex/hyperref/hyperref.sty
Package: hyperref 2022-02-21 v7.00n Hypertext links for LaTeX
 (d:/ProgramFiles/Latex/texlive/2021/texmf-dist/tex/generic/ltxcmds/ltxcmds.sty
Package: ltxcmds 2020-05-10 v1.25 LaTeX kernel commands for general use (HO)
) (d:/ProgramFiles/Latex/texlive/2021/texmf-dist/tex/generic/iftex/iftex.sty
Package: iftex 2022/02/03 v1.0f TeX engine tests
) (d:/ProgramFiles/Latex/texlive/2021/texmf-dist/tex/generic/pdftexcmds/pdftexcmds.sty
Package: pdftexcmds 2020-06-27 v0.33 Utility functions of pdfTeX for LuaTeX (HO)
 (d:/ProgramFiles/Latex/texlive/2021/texmf-dist/tex/generic/infwarerr/infwarerr.sty
Package: infwarerr 2019/12/03 v1.5 Providing info/warning/error messages (HO)
)
Package pdftexcmds Info: \pdf@primitive is available.
Package pdftexcmds Info: \pdf@ifprimitive is available.
Package pdftexcmds Info: \pdfdraftmode found.
) (d:/ProgramFiles/Latex/texlive/2021/texmf-dist/tex/latex/graphics/keyval.sty
Package: keyval 2014/10/28 v1.15 key=value parser (DPC)
\KV@toks@=\toks16
) (d:/ProgramFiles/Latex/texlive/2021/texmf-dist/tex/generic/kvsetkeys/kvsetkeys.sty
Package: kvsetkeys 2019/12/15 v1.18 Key value parser (HO)
) (d:/ProgramFiles/Latex/texlive/2021/texmf-dist/tex/generic/kvdefinekeys/kvdefinekeys.sty
Package: kvdefinekeys 2019-12-19 v1.6 Define keys (HO)
) (d:/ProgramFiles/Latex/texlive/2021/texmf-dist/tex/generic/pdfescape/pdfescape.sty
Package: pdfescape 2019/12/09 v1.15 Implements pdfTeX's escape features (HO)
) (d:/ProgramFiles/Latex/texlive/2021/texmf-dist/tex/latex/hycolor/hycolor.sty
Package: hycolor 2020-01-27 v1.10 Color options for hyperref/bookmark (HO)
) (d:/ProgramFiles/Latex/texlive/2021/texmf-dist/tex/latex/letltxmacro/letltxmacro.sty
Package: letltxmacro 2019/12/03 v1.6 Let assignment for LaTeX macros (HO)
) (d:/ProgramFiles/Latex/texlive/2021/texmf-dist/tex/latex/auxhook/auxhook.sty
Package: auxhook 2019-12-17 v1.6 Hooks for auxiliary files (HO)
) (d:/ProgramFiles/Latex/texlive/2021/texmf-dist/tex/latex/kvoptions/kvoptions.sty
Package: kvoptions 2020-10-07 v3.14 Key value format for package options (HO)
)
\@linkdim=\dimen139
\Hy@linkcounter=\count194
\Hy@pagecounter=\count195
 (d:/ProgramFiles/Latex/texlive/2021/texmf-dist/tex/latex/hyperref/pd1enc.def
File: pd1enc.def 2022-02-21 v7.00n Hyperref: PDFDocEncoding definition (HO)
Now handling font encoding PD1 ...
... no UTF-8 mapping file for font encoding PD1
) (d:/ProgramFiles/Latex/texlive/2021/texmf-dist/tex/generic/intcalc/intcalc.sty
Package: intcalc 2019/12/15 v1.3 Expandable calculations with integers (HO)
) (d:/ProgramFiles/Latex/texlive/2021/texmf-dist/tex/generic/etexcmds/etexcmds.sty
Package: etexcmds 2019/12/15 v1.7 Avoid name clashes with e-TeX commands (HO)
)
\Hy@SavedSpaceFactor=\count196
 (d:/ProgramFiles/Latex/texlive/2021/texmf-dist/tex/latex/hyperref/puenc.def
File: puenc.def 2022-02-21 v7.00n Hyperref: PDF Unicode definition (HO)
Now handling font encoding PU ...
... no UTF-8 mapping file for font encoding PU
)
Package hyperref Info: Hyper figures OFF on input line 4137.
Package hyperref Info: Link nesting OFF on input line 4142.
Package hyperref Info: Hyper index ON on input line 4145.
Package hyperref Info: Plain pages OFF on input line 4152.
Package hyperref Info: Backreferencing OFF on input line 4157.
Package hyperref Info: Implicit mode ON; LaTeX internals redefined.
Package hyperref Info: Bookmarks ON on input line 4390.
\c@Hy@tempcnt=\count197
 (d:/ProgramFiles/Latex/texlive/2021/texmf-dist/tex/latex/url/url.sty
\Urlmuskip=\muskip16
Package: url 2013/09/16  ver 3.4  Verb mode for urls, etc.
)
LaTeX Info: Redefining \url on input line 4749.
\XeTeXLinkMargin=\dimen140
 (d:/ProgramFiles/Latex/texlive/2021/texmf-dist/tex/generic/bitset/bitset.sty
Package: bitset 2019/12/09 v1.3 Handle bit-vector datatype (HO)
 (d:/ProgramFiles/Latex/texlive/2021/texmf-dist/tex/generic/bigintcalc/bigintcalc.sty
Package: bigintcalc 2019/12/15 v1.5 Expandable calculations on big integers (HO)
))
\Fld@menulength=\count198
\Field@Width=\dimen141
\Fld@charsize=\dimen142
Package hyperref Info: Hyper figures OFF on input line 6027.
Package hyperref Info: Link nesting OFF on input line 6032.
Package hyperref Info: Hyper index ON on input line 6035.
Package hyperref Info: backreferencing OFF on input line 6042.
Package hyperref Info: Link coloring OFF on input line 6047.
Package hyperref Info: Link coloring with OCG OFF on input line 6052.
Package hyperref Info: PDF/A mode OFF on input line 6057.
LaTeX Info: Redefining \ref on input line 6097.
LaTeX Info: Redefining \pageref on input line 6101.
 (d:/ProgramFiles/Latex/texlive/2021/texmf-dist/tex/latex/base/atbegshi-ltx.sty
Package: atbegshi-ltx 2021/01/10 v1.0c Emulation of the original atbegshi
package with kernel methods
)
\Hy@abspage=\count199
\c@Item=\count266
\c@Hfootnote=\count267
)
Package hyperref Info: Driver (autodetected): hpdftex.
 (d:/ProgramFiles/Latex/texlive/2021/texmf-dist/tex/latex/hyperref/hpdftex.def
File: hpdftex.def 2022-02-21 v7.00n Hyperref driver for pdfTeX
 (d:/ProgramFiles/Latex/texlive/2021/texmf-dist/tex/latex/base/atveryend-ltx.sty
Package: atveryend-ltx 2020/08/19 v1.0a Emulation of the original atveryend package
with kernel methods
)
\Fld@listcount=\count268
\c@bookmark@seq@number=\count269
 (d:/ProgramFiles/Latex/texlive/2021/texmf-dist/tex/latex/rerunfilecheck/rerunfilecheck.sty
Package: rerunfilecheck 2019/12/05 v1.9 Rerun checks for auxiliary files (HO)
 (d:/ProgramFiles/Latex/texlive/2021/texmf-dist/tex/generic/uniquecounter/uniquecounter.sty
Package: uniquecounter 2019/12/15 v1.4 Provide unlimited unique counter (HO)
)
Package uniquecounter Info: New unique counter `rerunfilecheck' on input line 286.
)
\Hy@SectionHShift=\skip49
) (d:/ProgramFiles/Latex/texlive/2021/texmf-dist/tex/latex/epstopdf-pkg/epstopdf.sty
Package: epstopdf 2020-01-24 v2.11 Conversion with epstopdf on the fly (HO)
 (d:/ProgramFiles/Latex/texlive/2021/texmf-dist/tex/latex/grfext/grfext.sty
Package: grfext 2019/12/03 v1.3 Manage graphics extensions (HO)
) (d:/ProgramFiles/Latex/texlive/2021/texmf-dist/tex/latex/epstopdf-pkg/epstopdf-base.sty
Package: epstopdf-base 2020-01-24 v2.11 Base part for package epstopdf


Package epstopdf Warning: No graphics package `graphic{s,x}' loaded.

)) (d:/ProgramFiles/Latex/texlive/2021/texmf-dist/tex/latex/amsmath/amsmath.sty
Package: amsmath 2021/10/15 v2.17l AMS math features
\@mathmargin=\skip50

For additional information on amsmath, use the `?' option.
(d:/ProgramFiles/Latex/texlive/2021/texmf-dist/tex/latex/amsmath/amstext.sty
Package: amstext 2021/08/26 v2.01 AMS text
 (d:/ProgramFiles/Latex/texlive/2021/texmf-dist/tex/latex/amsmath/amsgen.sty
File: amsgen.sty 1999/11/30 v2.0 generic functions
\@emptytoks=\toks17
\ex@=\dimen143
)) (d:/ProgramFiles/Latex/texlive/2021/texmf-dist/tex/latex/amsmath/amsbsy.sty
Package: amsbsy 1999/11/29 v1.2d Bold Symbols
\pmbraise@=\dimen144
) (d:/ProgramFiles/Latex/texlive/2021/texmf-dist/tex/latex/amsmath/amsopn.sty
Package: amsopn 2021/08/26 v2.02 operator names
)
\inf@bad=\count270
LaTeX Info: Redefining \frac on input line 234.
\uproot@=\count271
\leftroot@=\count272
LaTeX Info: Redefining \overline on input line 399.
\classnum@=\count273
\DOTSCASE@=\count274
LaTeX Info: Redefining \ldots on input line 496.
LaTeX Info: Redefining \dots on input line 499.
LaTeX Info: Redefining \cdots on input line 620.
\Mathstrutbox@=\box50
\strutbox@=\box51
\big@size=\dimen145
LaTeX Font Info:    Redeclaring font encoding OML on input line 743.
LaTeX Font Info:    Redeclaring font encoding OMS on input line 744.
\macc@depth=\count275
\c@MaxMatrixCols=\count276
\dotsspace@=\muskip17
\c@parentequation=\count277
\dspbrk@lvl=\count278
\tag@help=\toks18
\row@=\count279
\column@=\count280
\maxfields@=\count281
\andhelp@=\toks19
\eqnshift@=\dimen146
\alignsep@=\dimen147
\tagshift@=\dimen148
\tagwidth@=\dimen149
\totwidth@=\dimen150
\lineht@=\dimen151
\@envbody=\toks20
\multlinegap=\skip51
\multlinetaggap=\skip52
\mathdisplay@stack=\toks21
LaTeX Info: Redefining \[ on input line 2938.
LaTeX Info: Redefining \] on input line 2939.
) (d:/ProgramFiles/Latex/texlive/2021/texmf-dist/tex/latex/amsfonts/amssymb.sty
Package: amssymb 2013/01/14 v3.01 AMS font symbols
 (d:/ProgramFiles/Latex/texlive/2021/texmf-dist/tex/latex/amsfonts/amsfonts.sty
Package: amsfonts 2013/01/14 v3.01 Basic AMSFonts support
\symAMSa=\mathgroup4
\symAMSb=\mathgroup5
LaTeX Font Info:    Redeclaring math symbol \hbar on input line 98.
LaTeX Font Info:    Overwriting math alphabet `\mathfrak' in version `bold'
(Font)                  U/euf/m/n --> U/euf/b/n on input line 106.
)) (d:/ProgramFiles/Latex/texlive/2021/texmf-dist/tex/latex/subfig/subfig.sty
Package: subfig 2005/06/28 ver: 1.3 subfig package
 (d:/ProgramFiles/Latex/texlive/2021/texmf-dist/tex/latex/caption/caption.sty
Package: caption 2022/02/28 v3.6a Customizing captions (AR)
 (d:/ProgramFiles/Latex/texlive/2021/texmf-dist/tex/latex/caption/caption3.sty
Package: caption3 2022/02/28 v2.3a caption3 kernel (AR)
\caption@tempdima=\dimen152
\captionmargin=\dimen153
\caption@leftmargin=\dimen154
\caption@rightmargin=\dimen155
\caption@width=\dimen156
\caption@indent=\dimen157
\caption@parindent=\dimen158
\caption@hangindent=\dimen159
Package caption Info: Standard document class detected.
)
\c@caption@flags=\count282
\c@continuedfloat=\count283
Package caption Info: hyperref package is loaded.
)
\c@KVtest=\count284
\sf@farskip=\skip53
\sf@captopadj=\dimen160
\sf@capskip=\skip54
\sf@nearskip=\skip55
\c@subfigure=\count285
\c@subfigure@save=\count286
\c@lofdepth=\count287
\c@subtable=\count288
\c@subtable@save=\count289
\c@lotdepth=\count290
\sf@top=\skip56
\sf@bottom=\skip57
) (d:/ProgramFiles/Latex/texlive/2021/texmf-dist/tex/latex/base/inputenc.sty
Package: inputenc 2021/02/14 v1.3d Input encoding file
\inpenc@prehook=\toks22
\inpenc@posthook=\toks23
) (d:/ProgramFiles/Latex/texlive/2021/texmf-dist/tex/latex/base/fontenc.sty
Package: fontenc 2021/04/29 v2.0v Standard LaTeX package
) (d:/ProgramFiles/Latex/texlive/2021/texmf-dist/tex/latex/standalone/standalone.sty
Package: standalone 2018/03/26 v1.3a Package to include TeX sub-files with preambles
 (d:/ProgramFiles/Latex/texlive/2021/texmf-dist/tex/latex/tools/shellesc.sty
Package: shellesc 2019/11/08 v1.0c unified shell escape interface for LaTeX
Package shellesc Info: Restricted shell escape enabled on input line 77.
) (d:/ProgramFiles/Latex/texlive/2021/texmf-dist/tex/latex/xkeyval/xkeyval.sty
Package: xkeyval 2020/11/20 v2.8 package option processing (HA)
 (d:/ProgramFiles/Latex/texlive/2021/texmf-dist/tex/generic/xkeyval/xkeyval.tex (d:/ProgramFiles/Latex/texlive/2021/texmf-dist/tex/generic/xkeyval/xkvutils.tex
\XKV@toks=\toks24
\XKV@tempa@toks=\toks25
)
\XKV@depth=\count291
File: xkeyval.tex 2014/12/03 v2.7a key=value parser (HA)
)) (d:/ProgramFiles/Latex/texlive/2021/texmf-dist/tex/latex/currfile/currfile.sty
Package: currfile 2020/09/29 v0.7d Provides the file path elements of the current input file
 (d:/ProgramFiles/Latex/texlive/2021/texmf-dist/tex/latex/filehook/filehook.sty
Package: filehook 2020/09/29 v0.8a Hooks for input files
 (d:/ProgramFiles/Latex/texlive/2021/texmf-dist/tex/latex/filehook/filehook-2020.sty
Package: filehook-2020 2020/09/29 v0.8a Hooks for input files
))
\c@currfiledepth=\count292
) (d:/ProgramFiles/Latex/texlive/2021/texmf-dist/tex/latex/gincltex/gincltex.sty (d:/ProgramFiles/Latex/texlive/2021/texmf-dist/tex/latex/svn-prov/svn-prov.sty
Package: svn-prov 2010/04/24 v3.1862 Package Date/Version from SVN Keywords
)
Package: gincltex 2011/09/04 v0.3 Include external LaTeX files like graphics
 (d:/ProgramFiles/Latex/texlive/2021/texmf-dist/tex/latex/adjustbox/adjustbox.sty
Package: adjustbox 2020/08/19 v1.3 Adjusting TeX boxes (trim, clip, ...)
 (d:/ProgramFiles/Latex/texlive/2021/texmf-dist/tex/latex/adjustbox/adjcalc.sty
Package: adjcalc 2012/05/16 v1.1 Provides advanced setlength with multiple back-ends (calc, etex, pgfmath)
) (d:/ProgramFiles/Latex/texlive/2021/texmf-dist/tex/latex/adjustbox/trimclip.sty
Package: trimclip 2020/08/19 v1.2 Trim and clip general TeX material
 (d:/ProgramFiles/Latex/texlive/2021/texmf-dist/tex/latex/graphics/graphicx.sty
Package: graphicx 2021/09/16 v1.2d Enhanced LaTeX Graphics (DPC,SPQR)
 (d:/ProgramFiles/Latex/texlive/2021/texmf-dist/tex/latex/graphics/graphics.sty
Package: graphics 2021/03/04 v1.4d Standard LaTeX Graphics (DPC,SPQR)
 (d:/ProgramFiles/Latex/texlive/2021/texmf-dist/tex/latex/graphics/trig.sty
Package: trig 2021/08/11 v1.11 sin cos tan (DPC)
) (d:/ProgramFiles/Latex/texlive/2021/texmf-dist/tex/latex/graphics-cfg/graphics.cfg
File: graphics.cfg 2016/06/04 v1.11 sample graphics configuration
)
Package graphics Info: Driver file: pdftex.def on input line 107.
 (d:/ProgramFiles/Latex/texlive/2021/texmf-dist/tex/latex/graphics-def/pdftex.def
File: pdftex.def 2020/10/05 v1.2a Graphics/color driver for pdftex
))
\Gin@req@height=\dimen161
\Gin@req@width=\dimen162
) (d:/ProgramFiles/Latex/texlive/2021/texmf-dist/tex/latex/collectbox/collectbox.sty
Package: collectbox 2012/05/17 v0.4b Collect macro arguments as boxes
\collectedbox=\box52
)
\tc@llx=\dimen163
\tc@lly=\dimen164
\tc@urx=\dimen165
\tc@ury=\dimen166
Package trimclip Info: Using driver 'tc-pdftex.def'.
 (d:/ProgramFiles/Latex/texlive/2021/texmf-dist/tex/latex/adjustbox/tc-pdftex.def
File: tc-pdftex.def 2019/01/04 v2.2 Clipping driver for pdftex
))
\adjbox@Width=\dimen167
\adjbox@Height=\dimen168
\adjbox@Depth=\dimen169
\adjbox@Totalheight=\dimen170
\adjbox@pwidth=\dimen171
\adjbox@pheight=\dimen172
\adjbox@pdepth=\dimen173
\adjbox@ptotalheight=\dimen174
 (d:/ProgramFiles/Latex/texlive/2021/texmf-dist/tex/latex/ifoddpage/ifoddpage.sty
Package: ifoddpage 2016/04/23 v1.1 Conditionals for odd/even page detection
\c@checkoddpage=\count293
) (d:/ProgramFiles/Latex/texlive/2021/texmf-dist/tex/latex/varwidth/varwidth.sty
Package: varwidth 2009/03/30 ver 0.92;  Variable-width minipages
\@vwid@box=\box53
\sift@deathcycles=\count294
\@vwid@loff=\dimen175
\@vwid@roff=\dimen176
))
\gincltex@box=\box54
) (d:/ProgramFiles/Latex/texlive/2021/texmf-dist/tex/latex/filemod/filemod-expmin.sty
Package: filemod-expmin 2011/09/19 v1.2 Get and compare file modification times (expandable; minimal)
)) (d:/ProgramFiles/Latex/texlive/2021/texmf-dist/tex/latex/pgf/frontendlayer/tikz.sty (d:/ProgramFiles/Latex/texlive/2021/texmf-dist/tex/latex/pgf/basiclayer/pgf.sty (d:/ProgramFiles/Latex/texlive/2021/texmf-dist/tex/latex/pgf/utilities/pgfrcs.sty (d:/ProgramFiles/Latex/texlive/2021/texmf-dist/tex/generic/pgf/utilities/pgfutil-common.tex
\pgfutil@everybye=\toks26
\pgfutil@tempdima=\dimen177
\pgfutil@tempdimb=\dimen178
 (d:/ProgramFiles/Latex/texlive/2021/texmf-dist/tex/generic/pgf/utilities/pgfutil-common-lists.tex)) (d:/ProgramFiles/Latex/texlive/2021/texmf-dist/tex/generic/pgf/utilities/pgfutil-latex.def
\pgfutil@abb=\box55
) (d:/ProgramFiles/Latex/texlive/2021/texmf-dist/tex/generic/pgf/utilities/pgfrcs.code.tex (d:/ProgramFiles/Latex/texlive/2021/texmf-dist/tex/generic/pgf/pgf.revision.tex)
Package: pgfrcs 2021/05/15 v3.1.9a (3.1.9a)
))
Package: pgf 2021/05/15 v3.1.9a (3.1.9a)
 (d:/ProgramFiles/Latex/texlive/2021/texmf-dist/tex/latex/pgf/basiclayer/pgfcore.sty (d:/ProgramFiles/Latex/texlive/2021/texmf-dist/tex/latex/pgf/systemlayer/pgfsys.sty (d:/ProgramFiles/Latex/texlive/2021/texmf-dist/tex/generic/pgf/systemlayer/pgfsys.code.tex
Package: pgfsys 2021/05/15 v3.1.9a (3.1.9a)
 (d:/ProgramFiles/Latex/texlive/2021/texmf-dist/tex/generic/pgf/utilities/pgfkeys.code.tex
\pgfkeys@pathtoks=\toks27
\pgfkeys@temptoks=\toks28
 (d:/ProgramFiles/Latex/texlive/2021/texmf-dist/tex/generic/pgf/utilities/pgfkeysfiltered.code.tex
\pgfkeys@tmptoks=\toks29
))
\pgf@x=\dimen179
\pgf@y=\dimen180
\pgf@xa=\dimen181
\pgf@ya=\dimen182
\pgf@xb=\dimen183
\pgf@yb=\dimen184
\pgf@xc=\dimen185
\pgf@yc=\dimen186
\pgf@xd=\dimen187
\pgf@yd=\dimen188
\w@pgf@writea=\write3
\r@pgf@reada=\read2
\c@pgf@counta=\count295
\c@pgf@countb=\count296
\c@pgf@countc=\count297
\c@pgf@countd=\count298
\t@pgf@toka=\toks30
\t@pgf@tokb=\toks31
\t@pgf@tokc=\toks32
\pgf@sys@id@count=\count299
 (d:/ProgramFiles/Latex/texlive/2021/texmf-dist/tex/generic/pgf/systemlayer/pgf.cfg
File: pgf.cfg 2021/05/15 v3.1.9a (3.1.9a)
)
Driver file for pgf: pgfsys-pdftex.def
 (d:/ProgramFiles/Latex/texlive/2021/texmf-dist/tex/generic/pgf/systemlayer/pgfsys-pdftex.def
File: pgfsys-pdftex.def 2021/05/15 v3.1.9a (3.1.9a)
 (d:/ProgramFiles/Latex/texlive/2021/texmf-dist/tex/generic/pgf/systemlayer/pgfsys-common-pdf.def
File: pgfsys-common-pdf.def 2021/05/15 v3.1.9a (3.1.9a)
))) (d:/ProgramFiles/Latex/texlive/2021/texmf-dist/tex/generic/pgf/systemlayer/pgfsyssoftpath.code.tex
File: pgfsyssoftpath.code.tex 2021/05/15 v3.1.9a (3.1.9a)
\pgfsyssoftpath@smallbuffer@items=\count300
\pgfsyssoftpath@bigbuffer@items=\count301
) (d:/ProgramFiles/Latex/texlive/2021/texmf-dist/tex/generic/pgf/systemlayer/pgfsysprotocol.code.tex
File: pgfsysprotocol.code.tex 2021/05/15 v3.1.9a (3.1.9a)
)) (d:/ProgramFiles/Latex/texlive/2021/texmf-dist/tex/latex/xcolor/xcolor.sty
Package: xcolor 2021/10/31 v2.13 LaTeX color extensions (UK)
 (d:/ProgramFiles/Latex/texlive/2021/texmf-dist/tex/latex/graphics-cfg/color.cfg
File: color.cfg 2016/01/02 v1.6 sample color configuration
)
Package xcolor Info: Driver file: pdftex.def on input line 227.
Package xcolor Info: Model `cmy' substituted by `cmy0' on input line 1352.
Package xcolor Info: Model `hsb' substituted by `rgb' on input line 1356.
Package xcolor Info: Model `RGB' extended on input line 1368.
Package xcolor Info: Model `HTML' substituted by `rgb' on input line 1370.
Package xcolor Info: Model `Hsb' substituted by `hsb' on input line 1371.
Package xcolor Info: Model `tHsb' substituted by `hsb' on input line 1372.
Package xcolor Info: Model `HSB' substituted by `hsb' on input line 1373.
Package xcolor Info: Model `Gray' substituted by `gray' on input line 1374.
Package xcolor Info: Model `wave' substituted by `hsb' on input line 1375.
) (d:/ProgramFiles/Latex/texlive/2021/texmf-dist/tex/generic/pgf/basiclayer/pgfcore.code.tex
Package: pgfcore 2021/05/15 v3.1.9a (3.1.9a)
 (d:/ProgramFiles/Latex/texlive/2021/texmf-dist/tex/generic/pgf/math/pgfmath.code.tex (d:/ProgramFiles/Latex/texlive/2021/texmf-dist/tex/generic/pgf/math/pgfmathcalc.code.tex (d:/ProgramFiles/Latex/texlive/2021/texmf-dist/tex/generic/pgf/math/pgfmathutil.code.tex) (d:/ProgramFiles/Latex/texlive/2021/texmf-dist/tex/generic/pgf/math/pgfmathparser.code.tex
\pgfmath@dimen=\dimen189
\pgfmath@count=\count302
\pgfmath@box=\box56
\pgfmath@toks=\toks33
\pgfmath@stack@operand=\toks34
\pgfmath@stack@operation=\toks35
) (d:/ProgramFiles/Latex/texlive/2021/texmf-dist/tex/generic/pgf/math/pgfmathfunctions.code.tex (d:/ProgramFiles/Latex/texlive/2021/texmf-dist/tex/generic/pgf/math/pgfmathfunctions.basic.code.tex) (d:/ProgramFiles/Latex/texlive/2021/texmf-dist/tex/generic/pgf/math/pgfmathfunctions.trigonometric.code.tex) (d:/ProgramFiles/Latex/texlive/2021/texmf-dist/tex/generic/pgf/math/pgfmathfunctions.random.code.tex) (d:/ProgramFiles/Latex/texlive/2021/texmf-dist/tex/generic/pgf/math/pgfmathfunctions.comparison.code.tex) (d:/ProgramFiles/Latex/texlive/2021/texmf-dist/tex/generic/pgf/math/pgfmathfunctions.base.code.tex) (d:/ProgramFiles/Latex/texlive/2021/texmf-dist/tex/generic/pgf/math/pgfmathfunctions.round.code.tex) (d:/ProgramFiles/Latex/texlive/2021/texmf-dist/tex/generic/pgf/math/pgfmathfunctions.misc.code.tex) (d:/ProgramFiles/Latex/texlive/2021/texmf-dist/tex/generic/pgf/math/pgfmathfunctions.integerarithmetics.code.tex))) (d:/ProgramFiles/Latex/texlive/2021/texmf-dist/tex/generic/pgf/math/pgfmathfloat.code.tex
\c@pgfmathroundto@lastzeros=\count303
)) (d:/ProgramFiles/Latex/texlive/2021/texmf-dist/tex/generic/pgf/math/pgfint.code.tex) (d:/ProgramFiles/Latex/texlive/2021/texmf-dist/tex/generic/pgf/basiclayer/pgfcorepoints.code.tex
File: pgfcorepoints.code.tex 2021/05/15 v3.1.9a (3.1.9a)
\pgf@picminx=\dimen190
\pgf@picmaxx=\dimen191
\pgf@picminy=\dimen192
\pgf@picmaxy=\dimen193
\pgf@pathminx=\dimen194
\pgf@pathmaxx=\dimen195
\pgf@pathminy=\dimen196
\pgf@pathmaxy=\dimen197
\pgf@xx=\dimen198
\pgf@xy=\dimen199
\pgf@yx=\dimen256
\pgf@yy=\dimen257
\pgf@zx=\dimen258
\pgf@zy=\dimen259
) (d:/ProgramFiles/Latex/texlive/2021/texmf-dist/tex/generic/pgf/basiclayer/pgfcorepathconstruct.code.tex
File: pgfcorepathconstruct.code.tex 2021/05/15 v3.1.9a (3.1.9a)
\pgf@path@lastx=\dimen260
\pgf@path@lasty=\dimen261
) (d:/ProgramFiles/Latex/texlive/2021/texmf-dist/tex/generic/pgf/basiclayer/pgfcorepathusage.code.tex
File: pgfcorepathusage.code.tex 2021/05/15 v3.1.9a (3.1.9a)
\pgf@shorten@end@additional=\dimen262
\pgf@shorten@start@additional=\dimen263
) (d:/ProgramFiles/Latex/texlive/2021/texmf-dist/tex/generic/pgf/basiclayer/pgfcorescopes.code.tex
File: pgfcorescopes.code.tex 2021/05/15 v3.1.9a (3.1.9a)
\pgfpic=\box57
\pgf@hbox=\box58
\pgf@layerbox@main=\box59
\pgf@picture@serial@count=\count304
) (d:/ProgramFiles/Latex/texlive/2021/texmf-dist/tex/generic/pgf/basiclayer/pgfcoregraphicstate.code.tex
File: pgfcoregraphicstate.code.tex 2021/05/15 v3.1.9a (3.1.9a)
\pgflinewidth=\dimen264
) (d:/ProgramFiles/Latex/texlive/2021/texmf-dist/tex/generic/pgf/basiclayer/pgfcoretransformations.code.tex
File: pgfcoretransformations.code.tex 2021/05/15 v3.1.9a (3.1.9a)
\pgf@pt@x=\dimen265
\pgf@pt@y=\dimen266
\pgf@pt@temp=\dimen267
) (d:/ProgramFiles/Latex/texlive/2021/texmf-dist/tex/generic/pgf/basiclayer/pgfcorequick.code.tex
File: pgfcorequick.code.tex 2021/05/15 v3.1.9a (3.1.9a)
) (d:/ProgramFiles/Latex/texlive/2021/texmf-dist/tex/generic/pgf/basiclayer/pgfcoreobjects.code.tex
File: pgfcoreobjects.code.tex 2021/05/15 v3.1.9a (3.1.9a)
) (d:/ProgramFiles/Latex/texlive/2021/texmf-dist/tex/generic/pgf/basiclayer/pgfcorepathprocessing.code.tex
File: pgfcorepathprocessing.code.tex 2021/05/15 v3.1.9a (3.1.9a)
) (d:/ProgramFiles/Latex/texlive/2021/texmf-dist/tex/generic/pgf/basiclayer/pgfcorearrows.code.tex
File: pgfcorearrows.code.tex 2021/05/15 v3.1.9a (3.1.9a)
\pgfarrowsep=\dimen268
) (d:/ProgramFiles/Latex/texlive/2021/texmf-dist/tex/generic/pgf/basiclayer/pgfcoreshade.code.tex
File: pgfcoreshade.code.tex 2021/05/15 v3.1.9a (3.1.9a)
\pgf@max=\dimen269
\pgf@sys@shading@range@num=\count305
\pgf@shadingcount=\count306
) (d:/ProgramFiles/Latex/texlive/2021/texmf-dist/tex/generic/pgf/basiclayer/pgfcoreimage.code.tex
File: pgfcoreimage.code.tex 2021/05/15 v3.1.9a (3.1.9a)
 (d:/ProgramFiles/Latex/texlive/2021/texmf-dist/tex/generic/pgf/basiclayer/pgfcoreexternal.code.tex
File: pgfcoreexternal.code.tex 2021/05/15 v3.1.9a (3.1.9a)
\pgfexternal@startupbox=\box60
)) (d:/ProgramFiles/Latex/texlive/2021/texmf-dist/tex/generic/pgf/basiclayer/pgfcorelayers.code.tex
File: pgfcorelayers.code.tex 2021/05/15 v3.1.9a (3.1.9a)
) (d:/ProgramFiles/Latex/texlive/2021/texmf-dist/tex/generic/pgf/basiclayer/pgfcoretransparency.code.tex
File: pgfcoretransparency.code.tex 2021/05/15 v3.1.9a (3.1.9a)
) (d:/ProgramFiles/Latex/texlive/2021/texmf-dist/tex/generic/pgf/basiclayer/pgfcorepatterns.code.tex
File: pgfcorepatterns.code.tex 2021/05/15 v3.1.9a (3.1.9a)
) (d:/ProgramFiles/Latex/texlive/2021/texmf-dist/tex/generic/pgf/basiclayer/pgfcorerdf.code.tex
File: pgfcorerdf.code.tex 2021/05/15 v3.1.9a (3.1.9a)
))) (d:/ProgramFiles/Latex/texlive/2021/texmf-dist/tex/generic/pgf/modules/pgfmoduleshapes.code.tex
File: pgfmoduleshapes.code.tex 2021/05/15 v3.1.9a (3.1.9a)
\pgfnodeparttextbox=\box61
) (d:/ProgramFiles/Latex/texlive/2021/texmf-dist/tex/generic/pgf/modules/pgfmoduleplot.code.tex
File: pgfmoduleplot.code.tex 2021/05/15 v3.1.9a (3.1.9a)
) (d:/ProgramFiles/Latex/texlive/2021/texmf-dist/tex/latex/pgf/compatibility/pgfcomp-version-0-65.sty
Package: pgfcomp-version-0-65 2021/05/15 v3.1.9a (3.1.9a)
\pgf@nodesepstart=\dimen270
\pgf@nodesepend=\dimen271
) (d:/ProgramFiles/Latex/texlive/2021/texmf-dist/tex/latex/pgf/compatibility/pgfcomp-version-1-18.sty
Package: pgfcomp-version-1-18 2021/05/15 v3.1.9a (3.1.9a)
)) (d:/ProgramFiles/Latex/texlive/2021/texmf-dist/tex/latex/pgf/utilities/pgffor.sty (d:/ProgramFiles/Latex/texlive/2021/texmf-dist/tex/latex/pgf/utilities/pgfkeys.sty (d:/ProgramFiles/Latex/texlive/2021/texmf-dist/tex/generic/pgf/utilities/pgfkeys.code.tex)) (d:/ProgramFiles/Latex/texlive/2021/texmf-dist/tex/latex/pgf/math/pgfmath.sty (d:/ProgramFiles/Latex/texlive/2021/texmf-dist/tex/generic/pgf/math/pgfmath.code.tex)) (d:/ProgramFiles/Latex/texlive/2021/texmf-dist/tex/generic/pgf/utilities/pgffor.code.tex
Package: pgffor 2021/05/15 v3.1.9a (3.1.9a)
 (d:/ProgramFiles/Latex/texlive/2021/texmf-dist/tex/generic/pgf/math/pgfmath.code.tex)
\pgffor@iter=\dimen272
\pgffor@skip=\dimen273
\pgffor@stack=\toks36
\pgffor@toks=\toks37
)) (d:/ProgramFiles/Latex/texlive/2021/texmf-dist/tex/generic/pgf/frontendlayer/tikz/tikz.code.tex
Package: tikz 2021/05/15 v3.1.9a (3.1.9a)
 (d:/ProgramFiles/Latex/texlive/2021/texmf-dist/tex/generic/pgf/libraries/pgflibraryplothandlers.code.tex
File: pgflibraryplothandlers.code.tex 2021/05/15 v3.1.9a (3.1.9a)
\pgf@plot@mark@count=\count307
\pgfplotmarksize=\dimen274
)
\tikz@lastx=\dimen275
\tikz@lasty=\dimen276
\tikz@lastxsaved=\dimen277
\tikz@lastysaved=\dimen278
\tikz@lastmovetox=\dimen279
\tikz@lastmovetoy=\dimen280
\tikzleveldistance=\dimen281
\tikzsiblingdistance=\dimen282
\tikz@figbox=\box62
\tikz@figbox@bg=\box63
\tikz@tempbox=\box64
\tikz@tempbox@bg=\box65
\tikztreelevel=\count308
\tikznumberofchildren=\count309
\tikznumberofcurrentchild=\count310
\tikz@fig@count=\count311
 (d:/ProgramFiles/Latex/texlive/2021/texmf-dist/tex/generic/pgf/modules/pgfmodulematrix.code.tex
File: pgfmodulematrix.code.tex 2021/05/15 v3.1.9a (3.1.9a)
\pgfmatrixcurrentrow=\count312
\pgfmatrixcurrentcolumn=\count313
\pgf@matrix@numberofcolumns=\count314
)
\tikz@expandcount=\count315
 (d:/ProgramFiles/Latex/texlive/2021/texmf-dist/tex/generic/pgf/frontendlayer/tikz/libraries/tikzlibrarytopaths.code.tex
File: tikzlibrarytopaths.code.tex 2021/05/15 v3.1.9a (3.1.9a)
))) (d:/ProgramFiles/Latex/texlive/2021/texmf-dist/tex/latex/tools/tabularx.sty
Package: tabularx 2020/01/15 v2.11c `tabularx' package (DPC)
 (d:/ProgramFiles/Latex/texlive/2021/texmf-dist/tex/latex/tools/array.sty
Package: array 2021/10/04 v2.5f Tabular extension package (FMi)
\col@sep=\dimen283
\ar@mcellbox=\box66
\extrarowheight=\dimen284
\NC@list=\toks38
\extratabsurround=\skip58
\backup@length=\skip59
\ar@cellbox=\box67
)
\TX@col@width=\dimen285
\TX@old@table=\dimen286
\TX@old@col=\dimen287
\TX@target=\dimen288
\TX@delta=\dimen289
\TX@cols=\count316
\TX@ftn=\toks39
) (d:/ProgramFiles/Latex/texlive/2021/texmf-dist/tex/latex/float/float.sty
Package: float 2001/11/08 v1.3d Float enhancements (AL)
\c@float@type=\count317
\float@exts=\toks40
\float@box=\box68
\@float@everytoks=\toks41
\@floatcapt=\box69
) (d:/ProgramFiles/Latex/texlive/2021/texmf-dist/tex/latex/placeins/placeins.sty
Package: placeins 2005/04/18  v 2.2
) (d:/ProgramFiles/Latex/texlive/2021/texmf-dist/tex/latex/mdwtools/sverb.sty
Package: sverb 1996/05/08 1.3 Verbatim typesetting
\svtab=\dimen290
\listingindent=\dimen291
\sv@writefile=\write4
\sv@nestcount=\count318
) (d:/ProgramFiles/Latex/texlive/2021/texmf-dist/tex/latex/import/import.sty
Package: import 2020/04/01  v 6.2
) (d:/ProgramFiles/Latex/texlive/2021/texmf-dist/tex/latex/tools/verbatim.sty
Package: verbatim 2020-07-07 v1.5u LaTeX2e package for verbatim enhancements
\every@verbatim=\toks42
\verbatim@line=\toks43
\verbatim@in@stream=\read3
) (d:/ProgramFiles/Latex/texlive/2021/texmf-dist/tex/latex/listings/listings.sty
\lst@mode=\count319
\lst@gtempboxa=\box70
\lst@token=\toks44
\lst@length=\count320
\lst@currlwidth=\dimen292
\lst@column=\count321
\lst@pos=\count322
\lst@lostspace=\dimen293
\lst@width=\dimen294
\lst@newlines=\count323
\lst@lineno=\count324
\lst@maxwidth=\dimen295
 (d:/ProgramFiles/Latex/texlive/2021/texmf-dist/tex/latex/listings/lstmisc.sty
File: lstmisc.sty 2020/03/24 1.8d (Carsten Heinz)
\c@lstnumber=\count325
\lst@skipnumbers=\count326
\lst@framebox=\box71
) (d:/ProgramFiles/Latex/texlive/2021/texmf-dist/tex/latex/listings/listings.cfg
File: listings.cfg 2020/03/24 1.8d listings configuration
))
Package: listings 2020/03/24 1.8d (Carsten Heinz)
) (./other/codeStyle.tex)
(d:/ProgramFiles/Latex/texlive/2021/texmf-dist/tex/latex/l3backend/l3backend-pdftex.def
File: l3backend-pdftex.def 2022-02-07 L3 backend support: PDF output (pdfTeX)
\l__color_backend_stack_int=\count327
\l__pdf_internal_box=\box72
) (./raport.aux (./other/title.aux))
\openout1 = `raport.aux'.

LaTeX Font Info:    Checking defaults for OML/cmm/m/it on input line 6.
LaTeX Font Info:    ... okay on input line 6.
LaTeX Font Info:    Checking defaults for OMS/cmsy/m/n on input line 6.
LaTeX Font Info:    ... okay on input line 6.
LaTeX Font Info:    Checking defaults for OT1/cmr/m/n on input line 6.
LaTeX Font Info:    ... okay on input line 6.
LaTeX Font Info:    Checking defaults for T1/cmr/m/n on input line 6.
LaTeX Font Info:    ... okay on input line 6.
LaTeX Font Info:    Checking defaults for TS1/cmr/m/n on input line 6.
LaTeX Font Info:    ... okay on input line 6.
LaTeX Font Info:    Checking defaults for OMX/cmex/m/n on input line 6.
LaTeX Font Info:    ... okay on input line 6.
LaTeX Font Info:    Checking defaults for U/cmr/m/n on input line 6.
LaTeX Font Info:    ... okay on input line 6.
LaTeX Font Info:    Checking defaults for PD1/pdf/m/n on input line 6.
LaTeX Font Info:    ... okay on input line 6.
LaTeX Font Info:    Checking defaults for PU/pdf/m/n on input line 6.
LaTeX Font Info:    ... okay on input line 6.
Package hyperref Info: Link coloring OFF on input line 6.
 (d:/ProgramFiles/Latex/texlive/2021/texmf-dist/tex/latex/hyperref/nameref.sty
Package: nameref 2021-04-02 v2.47 Cross-referencing by name of section
 (d:/ProgramFiles/Latex/texlive/2021/texmf-dist/tex/latex/refcount/refcount.sty
Package: refcount 2019/12/15 v3.6 Data extraction from label references (HO)
) (d:/ProgramFiles/Latex/texlive/2021/texmf-dist/tex/generic/gettitlestring/gettitlestring.sty
Package: gettitlestring 2019/12/15 v1.6 Cleanup title references (HO)
)
\c@section@level=\count328
)
LaTeX Info: Redefining \ref on input line 6.
LaTeX Info: Redefining \pageref on input line 6.
LaTeX Info: Redefining \nameref on input line 6.
 (./raport.out) (./raport.out)
\@outlinefile=\write5
\openout5 = `raport.out'.

Package caption Info: Begin \AtBeginDocument code.
Package caption Info: subfig package v1.3 is loaded.
Package caption Info: float package is loaded.
Package caption Info: listings package is loaded.
Package caption Info: End \AtBeginDocument code.
 (d:/ProgramFiles/Latex/texlive/2021/texmf-dist/tex/context/base/mkii/supp-pdf.mkii
[Loading MPS to PDF converter (version 2006.09.02).]
\scratchcounter=\count329
\scratchdimen=\dimen296
\scratchbox=\box73
\nofMPsegments=\count330
\nofMParguments=\count331
\everyMPshowfont=\toks45
\MPscratchCnt=\count332
\MPscratchDim=\dimen297
\MPnumerator=\count333
\makeMPintoPDFobject=\count334
\everyMPtoPDFconversion=\toks46
)
\c@lstlisting=\count335
\openout2 = `other/title.aux'.

 (./other/title.tex
<other/polsl.png, id=7, 120.231pt x 154.7235pt>
File: other/polsl.png Graphic file (type png)
<use other/polsl.png>
Package pdftex.def Info: other/polsl.png  used on input line 4.
(pdftex.def)             Requested size: 172.5pt x 222.00838pt.

Underfull \hbox (badness 10000) in paragraph at lines 15--19

 []

[1


{d:/ProgramFiles/Latex/texlive/2021/texmf-var/fonts/map/pdftex/updmap/pdftex.map} <./other/polsl.png>]) (../zad1/img_1.png_result.tex
<../zad1/gray/0/img_1.png, id=18, 513.92pt x 513.92pt>
File: ../zad1/gray/0/img_1.png Graphic file (type png)
<use ../zad1/gray/0/img_1.png>
Package pdftex.def Info: ../zad1/gray/0/img_1.png  used on input line 5.
(pdftex.def)             Requested size: 82.8019pt x 82.80132pt.
<../zad1/gray/0.01/img_1.png, id=19, 513.92pt x 513.92pt>
File: ../zad1/gray/0.01/img_1.png Graphic file (type png)
<use ../zad1/gray/0.01/img_1.png>
Package pdftex.def Info: ../zad1/gray/0.01/img_1.png  used on input line 7.
(pdftex.def)             Requested size: 82.8019pt x 82.80132pt.
<../zad1/gray/0.02/img_1.png, id=20, 513.92pt x 513.92pt>
File: ../zad1/gray/0.02/img_1.png Graphic file (type png)
<use ../zad1/gray/0.02/img_1.png>
Package pdftex.def Info: ../zad1/gray/0.02/img_1.png  used on input line 9.
(pdftex.def)             Requested size: 82.8019pt x 82.80132pt.
<../zad1/gray/0.1/img_1.png, id=21, 513.92pt x 513.92pt>
File: ../zad1/gray/0.1/img_1.png Graphic file (type png)
<use ../zad1/gray/0.1/img_1.png>
Package pdftex.def Info: ../zad1/gray/0.1/img_1.png  used on input line 11.
(pdftex.def)             Requested size: 82.8019pt x 82.80132pt.
<../zad1/rgb/0/img_1.png, id=22, 513.92pt x 513.92pt>
File: ../zad1/rgb/0/img_1.png Graphic file (type png)
<use ../zad1/rgb/0/img_1.png>
Package pdftex.def Info: ../zad1/rgb/0/img_1.png  used on input line 13.
(pdftex.def)             Requested size: 82.8019pt x 82.80132pt.
<../zad1/rgb/0.01/img_1.png, id=23, 513.92pt x 513.92pt>
File: ../zad1/rgb/0.01/img_1.png Graphic file (type png)
<use ../zad1/rgb/0.01/img_1.png>
Package pdftex.def Info: ../zad1/rgb/0.01/img_1.png  used on input line 15.
(pdftex.def)             Requested size: 82.8019pt x 82.80132pt.
<../zad1/rgb/0.02/img_1.png, id=24, 513.92pt x 513.92pt>
File: ../zad1/rgb/0.02/img_1.png Graphic file (type png)
<use ../zad1/rgb/0.02/img_1.png>
Package pdftex.def Info: ../zad1/rgb/0.02/img_1.png  used on input line 17.
(pdftex.def)             Requested size: 82.8019pt x 82.80132pt.
<../zad1/rgb/0.1/img_1.png, id=25, 513.92pt x 513.92pt>
File: ../zad1/rgb/0.1/img_1.png Graphic file (type png)
<use ../zad1/rgb/0.1/img_1.png>
Package pdftex.def Info: ../zad1/rgb/0.1/img_1.png  used on input line 19.
(pdftex.def)             Requested size: 82.8019pt x 82.80132pt.
) (../zad2a/img1/result.tex
<../zad2a/img1/I1.png, id=26, 257.96375pt x 257.96375pt>
File: ../zad2a/img1/I1.png Graphic file (type png)
<use ../zad2a/img1/I1.png>
Package pdftex.def Info: ../zad2a/img1/I1.png  used on input line 5.
(pdftex.def)             Requested size: 65.55084pt x 65.5496pt.
<../zad2a/img1/I2.png, id=27, 257.96375pt x 257.96375pt>
File: ../zad2a/img1/I2.png Graphic file (type png)
<use ../zad2a/img1/I2.png>
Package pdftex.def Info: ../zad2a/img1/I2.png  used on input line 7.
(pdftex.def)             Requested size: 65.55084pt x 65.5496pt.
<../zad2a/img1/I3.png, id=28, 257.96375pt x 257.96375pt>
File: ../zad2a/img1/I3.png Graphic file (type png)
<use ../zad2a/img1/I3.png>
Package pdftex.def Info: ../zad2a/img1/I3.png  used on input line 9.
(pdftex.def)             Requested size: 65.55084pt x 65.5496pt.
<../zad2a/img1/I4.png, id=29, 257.96375pt x 257.96375pt>
File: ../zad2a/img1/I4.png Graphic file (type png)
<use ../zad2a/img1/I4.png>
Package pdftex.def Info: ../zad2a/img1/I4.png  used on input line 11.
(pdftex.def)             Requested size: 65.55084pt x 65.5496pt.
<../zad2a/img1/I5.png, id=30, 257.96375pt x 257.96375pt>
File: ../zad2a/img1/I5.png Graphic file (type png)
<use ../zad2a/img1/I5.png>
Package pdftex.def Info: ../zad2a/img1/I5.png  used on input line 13.
(pdftex.def)             Requested size: 65.55084pt x 65.5496pt.
) (../zad2b/img1/result.tex
<../zad2b/img1/I1.png, id=31, 257.96375pt x 257.96375pt>
File: ../zad2b/img1/I1.png Graphic file (type png)
<use ../zad2b/img1/I1.png>
Package pdftex.def Info: ../zad2b/img1/I1.png  used on input line 6.
(pdftex.def)             Requested size: 82.8019pt x 82.80199pt.
<../zad2b/img1/I2.png, id=32, 257.96375pt x 257.96375pt>
File: ../zad2b/img1/I2.png Graphic file (type png)
<use ../zad2b/img1/I2.png>
Package pdftex.def Info: ../zad2b/img1/I2.png  used on input line 8.
(pdftex.def)             Requested size: 82.8019pt x 82.80199pt.
<../zad2b/img1/I3.png, id=33, 257.96375pt x 257.96375pt>
File: ../zad2b/img1/I3.png Graphic file (type png)
<use ../zad2b/img1/I3.png>
Package pdftex.def Info: ../zad2b/img1/I3.png  used on input line 10.
(pdftex.def)             Requested size: 82.8019pt x 82.80199pt.
<../zad2b/img1/I4.png, id=34, 257.96375pt x 257.96375pt>
File: ../zad2b/img1/I4.png Graphic file (type png)
<use ../zad2b/img1/I4.png>
Package pdftex.def Info: ../zad2b/img1/I4.png  used on input line 12.
(pdftex.def)             Requested size: 82.8019pt x 82.80199pt.
<../zad2b/img1/I5.png, id=35, 257.96375pt x 257.96375pt>
File: ../zad2b/img1/I5.png Graphic file (type png)
<use ../zad2b/img1/I5.png>
Package pdftex.def Info: ../zad2b/img1/I5.png  used on input line 14.
(pdftex.def)             Requested size: 82.8019pt x 82.80199pt.
<../zad2b/img1/I6.png, id=36, 257.96375pt x 257.96375pt>
File: ../zad2b/img1/I6.png Graphic file (type png)
<use ../zad2b/img1/I6.png>
Package pdftex.def Info: ../zad2b/img1/I6.png  used on input line 16.
(pdftex.def)             Requested size: 82.8019pt x 82.80199pt.
<../zad2b/img1/I7.png, id=37, 257.96375pt x 257.96375pt>
File: ../zad2b/img1/I7.png Graphic file (type png)
<use ../zad2b/img1/I7.png>
Package pdftex.def Info: ../zad2b/img1/I7.png  used on input line 18.
(pdftex.def)             Requested size: 82.8019pt x 82.80199pt.
<../zad2b/img1/I8.png, id=38, 257.96375pt x 257.96375pt>
File: ../zad2b/img1/I8.png Graphic file (type png)
<use ../zad2b/img1/I8.png>
Package pdftex.def Info: ../zad2b/img1/I8.png  used on input line 20.
(pdftex.def)             Requested size: 82.8019pt x 82.80199pt.
)pdfTeX warning (ext4): destination with the same identifier (name{page.1}) has been already used, duplicate ignored
<to be read again> 
                   \relax 
l.19 
      [1


 <../zad1/gray/0/img_1.png (PNG copy)> <../zad1/gray/0.01/img_1.png (PNG copy)> <../zad1/gray/0.02/img_1.png (PNG copy)> <../zad1/gray/0.1/img_1.png (PNG copy)> <../zad1/rgb/0/img_1.png (PNG copy)> <../zad1/rgb/0.01/img_1.png (PNG copy)> <../zad1/rgb/0.02/img_1.png (PNG copy)> <../zad1/rgb/0.1/img_1.png (PNG copy)> <../zad2a/img1/I1.png (PNG copy)> <../zad2a/img1/I2.png (PNG copy)> <../zad2a/img1/I3.png (PNG copy)> <../zad2a/img1/I4.png (PNG copy)> <../zad2a/img1/I5.png (PNG copy)>] (../zad2c/img1/result.tex
<../zad2c/img1/I1.png, id=63, 257.96375pt x 257.96375pt>
File: ../zad2c/img1/I1.png Graphic file (type png)
<use ../zad2c/img1/I1.png>
Package pdftex.def Info: ../zad2c/img1/I1.png  used on input line 7.
(pdftex.def)             Requested size: 65.55084pt x 65.5496pt.
<../zad2c/img1/I1_1.png, id=64, 257.96375pt x 257.96375pt>
File: ../zad2c/img1/I1_1.png Graphic file (type png)
<use ../zad2c/img1/I1_1.png>
Package pdftex.def Info: ../zad2c/img1/I1_1.png  used on input line 9.
(pdftex.def)             Requested size: 65.55084pt x 65.5496pt.
<../zad2c/img1/I1_2.png, id=65, 257.96375pt x 257.96375pt>
File: ../zad2c/img1/I1_2.png Graphic file (type png)
<use ../zad2c/img1/I1_2.png>
Package pdftex.def Info: ../zad2c/img1/I1_2.png  used on input line 11.
(pdftex.def)             Requested size: 65.55084pt x 65.5496pt.
<../zad2c/img1/I1_3.png, id=66, 257.96375pt x 257.96375pt>
File: ../zad2c/img1/I1_3.png Graphic file (type png)
<use ../zad2c/img1/I1_3.png>
Package pdftex.def Info: ../zad2c/img1/I1_3.png  used on input line 13.
(pdftex.def)             Requested size: 65.55084pt x 65.5496pt.
<../zad2c/img1/I1_4.png, id=67, 257.96375pt x 257.96375pt>
File: ../zad2c/img1/I1_4.png Graphic file (type png)
<use ../zad2c/img1/I1_4.png>
Package pdftex.def Info: ../zad2c/img1/I1_4.png  used on input line 15.
(pdftex.def)             Requested size: 65.55084pt x 65.5496pt.

Underfull \hbox (badness 10000) in paragraph at lines 7--16

 []

<other/empty.png, id=68, 0.7528pt x 0.7528pt>
File: other/empty.png Graphic file (type png)
<use other/empty.png>
Package pdftex.def Info: other/empty.png  used on input line 18.
(pdftex.def)             Requested size: 65.55084pt x 65.79489pt.
<../zad2c/img1/I2_1.png, id=69, 257.96375pt x 257.96375pt>
File: ../zad2c/img1/I2_1.png Graphic file (type png)
<use ../zad2c/img1/I2_1.png>
Package pdftex.def Info: ../zad2c/img1/I2_1.png  used on input line 20.
(pdftex.def)             Requested size: 65.55084pt x 65.5496pt.
<../zad2c/img1/I2_2.png, id=70, 257.96375pt x 257.96375pt>
File: ../zad2c/img1/I2_2.png Graphic file (type png)
<use ../zad2c/img1/I2_2.png>
Package pdftex.def Info: ../zad2c/img1/I2_2.png  used on input line 22.
(pdftex.def)             Requested size: 65.55084pt x 65.5496pt.
<../zad2c/img1/I2_3.png, id=71, 257.96375pt x 257.96375pt>
File: ../zad2c/img1/I2_3.png Graphic file (type png)
<use ../zad2c/img1/I2_3.png>
Package pdftex.def Info: ../zad2c/img1/I2_3.png  used on input line 24.
(pdftex.def)             Requested size: 65.55084pt x 65.5496pt.
<../zad2c/img1/I2_4.png, id=72, 257.96375pt x 257.96375pt>
File: ../zad2c/img1/I2_4.png Graphic file (type png)
<use ../zad2c/img1/I2_4.png>
Package pdftex.def Info: ../zad2c/img1/I2_4.png  used on input line 26.
(pdftex.def)             Requested size: 65.55084pt x 65.5496pt.

Underfull \hbox (badness 10000) in paragraph at lines 18--27

 []

File: other/empty.png Graphic file (type png)
<use other/empty.png>
Package pdftex.def Info: other/empty.png  used on input line 29.
(pdftex.def)             Requested size: 65.55084pt x 65.79489pt.
<../zad2c/img1/I3_1.png, id=73, 257.96375pt x 257.96375pt>
File: ../zad2c/img1/I3_1.png Graphic file (type png)
<use ../zad2c/img1/I3_1.png>
Package pdftex.def Info: ../zad2c/img1/I3_1.png  used on input line 31.
(pdftex.def)             Requested size: 65.55084pt x 65.5496pt.
<../zad2c/img1/I3_2.png, id=74, 257.96375pt x 257.96375pt>
File: ../zad2c/img1/I3_2.png Graphic file (type png)
<use ../zad2c/img1/I3_2.png>
Package pdftex.def Info: ../zad2c/img1/I3_2.png  used on input line 33.
(pdftex.def)             Requested size: 65.55084pt x 65.5496pt.
<../zad2c/img1/I3_3.png, id=75, 257.96375pt x 257.96375pt>
File: ../zad2c/img1/I3_3.png Graphic file (type png)
<use ../zad2c/img1/I3_3.png>
Package pdftex.def Info: ../zad2c/img1/I3_3.png  used on input line 35.
(pdftex.def)             Requested size: 65.55084pt x 65.5496pt.
<../zad2c/img1/I3_4.png, id=76, 257.96375pt x 257.96375pt>
File: ../zad2c/img1/I3_4.png Graphic file (type png)
<use ../zad2c/img1/I3_4.png>
Package pdftex.def Info: ../zad2c/img1/I3_4.png  used on input line 37.
(pdftex.def)             Requested size: 65.55084pt x 65.5496pt.
[2 <../zad2b/img1/I1.png (PNG copy)> <../zad2b/img1/I2.png (PNG copy)> <../zad2b/img1/I3.png (PNG copy)> <../zad2b/img1/I4.png (PNG copy)> <../zad2b/img1/I5.png (PNG copy)> <../zad2b/img1/I6.png (PNG copy)> <../zad2b/img1/I7.png (PNG copy)> <../zad2b/img1/I8.png (PNG copy)>]) (../zad3a/img1/result.tex
<../zad3a/img1/I1.png, id=91, 257.96375pt x 257.96375pt>
File: ../zad3a/img1/I1.png Graphic file (type png)
<use ../zad3a/img1/I1.png>
Package pdftex.def Info: ../zad3a/img1/I1.png  used on input line 6.
(pdftex.def)             Requested size: 82.8019pt x 82.80199pt.
<../zad3a/img1/I1_1.png, id=92, 257.96375pt x 257.96375pt>
File: ../zad3a/img1/I1_1.png Graphic file (type png)
<use ../zad3a/img1/I1_1.png>
Package pdftex.def Info: ../zad3a/img1/I1_1.png  used on input line 8.
(pdftex.def)             Requested size: 82.8019pt x 82.80199pt.
<../zad3a/img1/I1_2.png, id=93, 257.96375pt x 257.96375pt>
File: ../zad3a/img1/I1_2.png Graphic file (type png)
<use ../zad3a/img1/I1_2.png>
Package pdftex.def Info: ../zad3a/img1/I1_2.png  used on input line 10.
(pdftex.def)             Requested size: 82.8019pt x 82.80199pt.
<../zad3a/img1/I1_3.png, id=94, 257.96375pt x 257.96375pt>
File: ../zad3a/img1/I1_3.png Graphic file (type png)
<use ../zad3a/img1/I1_3.png>
Package pdftex.def Info: ../zad3a/img1/I1_3.png  used on input line 12.
(pdftex.def)             Requested size: 82.8019pt x 82.80199pt.
File: other/empty.png Graphic file (type png)
<use other/empty.png>
Package pdftex.def Info: other/empty.png  used on input line 15.
(pdftex.def)             Requested size: 82.8019pt x 83.11017pt.
<../zad3a/img1/I2_1.png, id=95, 257.96375pt x 257.96375pt>
File: ../zad3a/img1/I2_1.png Graphic file (type png)
<use ../zad3a/img1/I2_1.png>
Package pdftex.def Info: ../zad3a/img1/I2_1.png  used on input line 17.
(pdftex.def)             Requested size: 82.8019pt x 82.80199pt.
<../zad3a/img1/I2_2.png, id=96, 257.96375pt x 257.96375pt>
File: ../zad3a/img1/I2_2.png Graphic file (type png)
<use ../zad3a/img1/I2_2.png>
Package pdftex.def Info: ../zad3a/img1/I2_2.png  used on input line 19.
(pdftex.def)             Requested size: 82.8019pt x 82.80199pt.
<../zad3a/img1/I2_3.png, id=97, 257.96375pt x 257.96375pt>
File: ../zad3a/img1/I2_3.png Graphic file (type png)
<use ../zad3a/img1/I2_3.png>
Package pdftex.def Info: ../zad3a/img1/I2_3.png  used on input line 21.
(pdftex.def)             Requested size: 82.8019pt x 82.80199pt.
) [3 <../zad2c/img1/I1.png (PNG copy)> <../zad2c/img1/I1_1.png (PNG copy)> <../zad2c/img1/I1_2.png (PNG copy)> <../zad2c/img1/I1_3.png (PNG copy)> <../zad2c/img1/I1_4.png (PNG copy)> <./other/Empty.png> <../zad2c/img1/I2_1.png (PNG copy)> <../zad2c/img1/I2_2.png (PNG copy)> <../zad2c/img1/I2_3.png (PNG copy)> <../zad2c/img1/I2_4.png (PNG copy)> <../zad2c/img1/I3_1.png (PNG copy)> <../zad2c/img1/I3_2.png (PNG copy)> <../zad2c/img1/I3_3.png (PNG copy)> <../zad2c/img1/I3_4.png (PNG copy)>] (../zad3b/img1/result.tex
<../zad3b/img1/I1.png, id=119, 257.96375pt x 257.96375pt>
File: ../zad3b/img1/I1.png Graphic file (type png)
<use ../zad3b/img1/I1.png>
Package pdftex.def Info: ../zad3b/img1/I1.png  used on input line 6.
(pdftex.def)             Requested size: 82.8019pt x 82.80199pt.
<../zad3b/img1/I1_1.png, id=120, 257.96375pt x 257.96375pt>
File: ../zad3b/img1/I1_1.png Graphic file (type png)
<use ../zad3b/img1/I1_1.png>
Package pdftex.def Info: ../zad3b/img1/I1_1.png  used on input line 8.
(pdftex.def)             Requested size: 82.8019pt x 82.80199pt.
<../zad3b/img1/I1_2.png, id=121, 257.96375pt x 257.96375pt>
File: ../zad3b/img1/I1_2.png Graphic file (type png)
<use ../zad3b/img1/I1_2.png>
Package pdftex.def Info: ../zad3b/img1/I1_2.png  used on input line 10.
(pdftex.def)             Requested size: 82.8019pt x 82.80199pt.
<../zad3b/img1/I1_3.png, id=122, 257.96375pt x 257.96375pt>
File: ../zad3b/img1/I1_3.png Graphic file (type png)
<use ../zad3b/img1/I1_3.png>
Package pdftex.def Info: ../zad3b/img1/I1_3.png  used on input line 12.
(pdftex.def)             Requested size: 82.8019pt x 82.80199pt.
File: other/empty.png Graphic file (type png)
<use other/empty.png>
Package pdftex.def Info: other/empty.png  used on input line 15.
(pdftex.def)             Requested size: 82.8019pt x 83.11017pt.
<../zad3b/img1/I2_1.png, id=123, 257.96375pt x 257.96375pt>
File: ../zad3b/img1/I2_1.png Graphic file (type png)
<use ../zad3b/img1/I2_1.png>
Package pdftex.def Info: ../zad3b/img1/I2_1.png  used on input line 17.
(pdftex.def)             Requested size: 82.8019pt x 82.80199pt.
<../zad3b/img1/I2_2.png, id=124, 257.96375pt x 257.96375pt>
File: ../zad3b/img1/I2_2.png Graphic file (type png)
<use ../zad3b/img1/I2_2.png>
Package pdftex.def Info: ../zad3b/img1/I2_2.png  used on input line 19.
(pdftex.def)             Requested size: 82.8019pt x 82.80199pt.
<../zad3b/img1/I2_3.png, id=125, 257.96375pt x 257.96375pt>
File: ../zad3b/img1/I2_3.png Graphic file (type png)
<use ../zad3b/img1/I2_3.png>
Package pdftex.def Info: ../zad3b/img1/I2_3.png  used on input line 21.
(pdftex.def)             Requested size: 82.8019pt x 82.80199pt.
File: other/empty.png Graphic file (type png)
<use other/empty.png>
Package pdftex.def Info: other/empty.png  used on input line 24.
(pdftex.def)             Requested size: 82.8019pt x 83.11017pt.
<../zad3b/img1/I3_1.png, id=126, 257.96375pt x 257.96375pt>
File: ../zad3b/img1/I3_1.png Graphic file (type png)
<use ../zad3b/img1/I3_1.png>
Package pdftex.def Info: ../zad3b/img1/I3_1.png  used on input line 26.
(pdftex.def)             Requested size: 82.8019pt x 82.80199pt.
<../zad3b/img1/I3_2.png, id=127, 257.96375pt x 257.96375pt>
File: ../zad3b/img1/I3_2.png Graphic file (type png)
<use ../zad3b/img1/I3_2.png>
Package pdftex.def Info: ../zad3b/img1/I3_2.png  used on input line 28.
(pdftex.def)             Requested size: 82.8019pt x 82.80199pt.
<../zad3b/img1/I3_3.png, id=128, 257.96375pt x 257.96375pt>
File: ../zad3b/img1/I3_3.png Graphic file (type png)
<use ../zad3b/img1/I3_3.png>
Package pdftex.def Info: ../zad3b/img1/I3_3.png  used on input line 30.
(pdftex.def)             Requested size: 82.8019pt x 82.80199pt.
 [4 <../zad3a/img1/I1.png (PNG copy)> <../zad3a/img1/I1_1.png (PNG copy)> <../zad3a/img1/I1_2.png (PNG copy)> <../zad3a/img1/I1_3.png (PNG copy)> <../zad3a/img1/I2_1.png (PNG copy)> <../zad3a/img1/I2_2.png (PNG copy)> <../zad3a/img1/I2_3.png (PNG copy)>]) [5 <../zad3b/img1/I1.png (PNG copy)> <../zad3b/img1/I1_1.png (PNG copy)> <../zad3b/img1/I1_2.png (PNG copy)> <../zad3b/img1/I1_3.png (PNG copy)> <../zad3b/img1/I2_1.png (PNG copy)> <../zad3b/img1/I2_2.png (PNG copy)> <../zad3b/img1/I2_3.png (PNG copy)> <../zad3b/img1/I3_1.png (PNG copy)> <../zad3b/img1/I3_2.png (PNG copy)> <../zad3b/img1/I3_3.png (PNG copy)>] (d:/ProgramFiles/Latex/texlive/2021/texmf-dist/tex/latex/listings/lstlang1.sty
File: lstlang1.sty 2020/03/24 1.8d listings language file
)
Package hyperref Info: bookmark level for unknown lstlisting defaults to 0 on input line 33.
LaTeX Font Info:    Trying to load font information for T1+cmtt on input line 33.
 (d:/ProgramFiles/Latex/texlive/2021/texmf-dist/tex/latex/base/t1cmtt.fd
File: t1cmtt.fd 2019/12/16 v2.5j Standard LaTeX font definitions
) (../matlab/cropImage.m) [6] (../matlab/filter_LUM.m) [7] (../matlab/filter_median.m) [8] (../matlab/filter_VMF.m [9] [10]) [11] (../matlab/run_all.m) [12] (../matlab/test.m) [13] (../matlab/test2.m) [14] (../matlab/zad1.m [15]) [16] (../matlab/zad2a.m [17]) [18] (../matlab/zad2b.m [19]) [20] (../matlab/zad2c.m [21] [22]) [23] (../matlab/zad3a.m [24]) [25] (../matlab/zad3b.m [26] [27]) [28] (./raport.aux (./other/title.aux))
Package rerunfilecheck Info: File `raport.out' has not changed.
(rerunfilecheck)             Checksum: D41D8CD98F00B204E9800998ECF8427E;0.
 ) 
Here is how much of TeX's memory you used:
 26986 strings out of 478276
 499505 string characters out of 5841008
 1351341 words of memory out of 5000000
 43650 multiletter control sequences out of 15000+600000
 476807 words of font info for 39 fonts, out of 8000000 for 9000
 1141 hyphenation exceptions out of 8191
 130i,10n,123p,473b,1401s stack positions out of 5000i,500n,10000p,200000b,80000s
{d:/ProgramFiles/Latex/texlive/2021/texmf-dist/fonts/enc/dvips/cm-super/cm-super-t1.enc}<d:/ProgramFiles/Latex/texlive/2021/texmf-dist/fonts/type1/public/cm-super/sfbx1200.pfb><d:/ProgramFiles/Latex/texlive/2021/texmf-dist/fonts/type1/public/cm-super/sfbx1440.pfb><d:/ProgramFiles/Latex/texlive/2021/texmf-dist/fonts/type1/public/cm-super/sfbx2488.pfb><d:/ProgramFiles/Latex/texlive/2021/texmf-dist/fonts/type1/public/cm-super/sfrm0500.pfb><d:/ProgramFiles/Latex/texlive/2021/texmf-dist/fonts/type1/public/cm-super/sfrm0800.pfb><d:/ProgramFiles/Latex/texlive/2021/texmf-dist/fonts/type1/public/cm-super/sfrm1000.pfb><d:/ProgramFiles/Latex/texlive/2021/texmf-dist/fonts/type1/public/cm-super/sfrm1440.pfb><d:/ProgramFiles/Latex/texlive/2021/texmf-dist/fonts/type1/public/cm-super/sftt0800.pfb>
Output written on raport.pdf (29 pages, 7329550 bytes).
PDF statistics:
 1419 PDF objects out of 1440 (max. 8388607)
 1304 compressed objects within 14 object streams
 1006 named destinations out of 1200 (max. 500000)
 278 words of extra memory for PDF output out of 10000 (max. 10000000)

